Using pre-set license
Built from '2020.3/release' branch; Version is '2020.3.12f1 (b3b2c6512326) revision 11776710'; Using compiler version '192528614'; Build Type 'Release'
OS: 'Windows 10 Education; OS build 19042.1052; Version 2009; 64bit' Language: 'en' Physical Memory: 8084 MB
BatchMode: 1, IsHumanControllingUs: 0, StartBugReporterOnCrash: 0, Is64bit: 1, IsPro: 0

 COMMAND LINE ARGUMENTS:
C:\Program Files\Unity\Hub\Editor\2020.3.12f1\Editor\Unity.exe
-adb2
-batchMode
-noUpm
-name
AssetImportWorker0
-projectPath
C:/Users/Bogdan Grabany/Joc Licenta
-logFile
Logs/AssetImportWorker0.log
-srvPort
53296
Successfully changed project path to: C:/Users/Bogdan Grabany/Joc Licenta
C:/Users/Bogdan Grabany/Joc Licenta
Using Asset Import Pipeline V2.
Refreshing native plugins compatible for Editor in 56.72 ms, found 3 plugins.
Preloading 0 native plugins for Editor in 0.00 ms.
Initialize engine version: 2020.3.12f1 (b3b2c6512326)
[Subsystems] Discovering subsystems at path C:/Program Files/Unity/Hub/Editor/2020.3.12f1/Editor/Data/Resources/UnitySubsystems
[Subsystems] Discovering subsystems at path C:/Users/Bogdan Grabany/Joc Licenta/Assets
GfxDevice: creating device client; threaded=0
Direct3D:
    Version:  Direct3D 11.0 [level 11.1]
    Renderer: NVIDIA GeForce GTX 1060 with Max-Q Design (ID=0x1c20)
    Vendor:   
    VRAM:     2987 MB
    Driver:   27.21.14.6140
Initialize mono
Mono path[0] = 'C:/Program Files/Unity/Hub/Editor/2020.3.12f1/Editor/Data/Managed'
Mono path[1] = 'C:/Program Files/Unity/Hub/Editor/2020.3.12f1/Editor/Data/MonoBleedingEdge/lib/mono/unityjit'
Mono config path = 'C:/Program Files/Unity/Hub/Editor/2020.3.12f1/Editor/Data/MonoBleedingEdge/etc'
Using monoOptions --debugger-agent=transport=dt_socket,embedding=1,server=y,suspend=n,address=127.0.0.1:56844
Begin MonoManager ReloadAssembly
Registering precompiled unity dll's ...
Register platform support module: C:/Program Files/Unity/Hub/Editor/2020.3.12f1/Editor/Data/PlaybackEngines/WindowsStandaloneSupport/UnityEditor.WindowsStandalone.Extensions.dll
Registered in 0.002324 seconds.
Native extension for WindowsStandalone target not found
Refreshing native plugins compatible for Editor in 63.23 ms, found 3 plugins.
Preloading 0 native plugins for Editor in 0.00 ms.
Mono: successfully reloaded assembly
- Completed reload, in  2.374 seconds
Platform modules already initialized, skipping
Registering precompiled user dll's ...
Registered in 0.005692 seconds.
Begin MonoManager ReloadAssembly
Native extension for WindowsStandalone target not found
Refreshing native plugins compatible for Editor in 49.63 ms, found 3 plugins.
Preloading 0 native plugins for Editor in 0.00 ms.
Mono: successfully reloaded assembly
- Completed reload, in  1.306 seconds
Platform modules already initialized, skipping
========================================================================
Worker process is ready to serve import requests
Launched and connected shader compiler UnityShaderCompiler.exe after 0.06 seconds
Refreshing native plugins compatible for Editor in 0.57 ms, found 3 plugins.
Preloading 0 native plugins for Editor in 0.00 ms.
Unloading 2191 Unused Serialized files (Serialized files now loaded: 0)
System memory in use before: 97.9 MB.
System memory in use after: 98.0 MB.

Unloading 28 unused Assets to reduce memory usage. Loaded Objects now: 2631.
Total: 3.080300 ms (FindLiveObjects: 0.273800 ms CreateObjectMapping: 0.135200 ms MarkObjects: 2.539300 ms  DeleteObjects: 0.130500 ms)

AssetImportParameters requested are different than current active one (requested -> active):
  custom:framework-win-MediaFoundation: 216162199b28c13a410421893ffa2e32 -> 
  custom:video-decoder-ogg-theora: a1e56fd34408186e4bbccfd4996cb3dc -> 
  custom:container-muxer-webm: aa71ff27fc2769a1b78a27578f13a17b -> 
  custom:container-demuxer-webm: 4f35f7cbe854078d1ac9338744f61a02 -> 
  custom:container-demuxer-ogg: 62fdf1f143b41e24485cea50d1cbac27 -> 
  custom:video-encoder-webm-vp8: eb34c28f22e8b96e1ab97ce403110664 -> 
  custom:video-decoder-webm-vp8: 9c59270c3fd7afecdb556c50c9e8de78 -> 
  custom:audio-decoder-ogg-vorbis: bf7c407c2cedff20999df2af8eb42d56 -> 
  custom:audio-encoder-webm-vorbis: bf7c407c2cedff20999df2af8eb42d56 -> 
========================================================================
Received Import Request.
  path: Assets/Modifiers/Default Button/Modifier UI.prefab
  artifactKey: Guid(9bfba211c3512d5448aaf43aa571681e) Importer(815301076,1909f56bfc062723c751e8b465ee728b)
Start importing Assets/Modifiers/Default Button/Modifier UI.prefab using Guid(9bfba211c3512d5448aaf43aa571681e) Importer(815301076,1909f56bfc062723c751e8b465ee728b)  -> (artifact id: '3ca3d9038dcd0ba09b0ee204bfc62f16') in 0.075187 seconds 
  Import took 0.079918 seconds .

========================================================================
Received Import Request.
  Time since last request: 4.866706 seconds.
  path: Assets/Modifiers/Default Button/Modifier UI.prefab
  artifactKey: Guid(9bfba211c3512d5448aaf43aa571681e) Importer(815301076,1909f56bfc062723c751e8b465ee728b)
Start importing Assets/Modifiers/Default Button/Modifier UI.prefab using Guid(9bfba211c3512d5448aaf43aa571681e) Importer(815301076,1909f56bfc062723c751e8b465ee728b)  -> (artifact id: '7ddba0ba6c4fac15c76804350f4fe894') in 0.010814 seconds 
  Import took 0.017925 seconds .

========================================================================
Received Import Request.
  Time since last request: 7.044873 seconds.
  path: Assets/Modifiers/Default Button/Modifier UI.prefab
  artifactKey: Guid(9bfba211c3512d5448aaf43aa571681e) Importer(815301076,1909f56bfc062723c751e8b465ee728b)
Start importing Assets/Modifiers/Default Button/Modifier UI.prefab using Guid(9bfba211c3512d5448aaf43aa571681e) Importer(815301076,1909f56bfc062723c751e8b465ee728b)  -> (artifact id: 'ceb085f00611aeaf1784326aee8896e6') in 0.011115 seconds 
  Import took 0.017001 seconds .

========================================================================
Received Import Request.
  Time since last request: 3.099699 seconds.
  path: Assets/Modifiers/Default Button/Modifier UI.prefab
  artifactKey: Guid(9bfba211c3512d5448aaf43aa571681e) Importer(815301076,1909f56bfc062723c751e8b465ee728b)
Start importing Assets/Modifiers/Default Button/Modifier UI.prefab using Guid(9bfba211c3512d5448aaf43aa571681e) Importer(815301076,1909f56bfc062723c751e8b465ee728b)  -> (artifact id: 'a1b314d50fefdd03bc5d1cacee629fe7') in 0.011994 seconds 
  Import took 0.019443 seconds .

========================================================================
Received Import Request.
  Time since last request: 10.722515 seconds.
  path: Assets/Modifiers/Default Button/Modifier UI.prefab
  artifactKey: Guid(9bfba211c3512d5448aaf43aa571681e) Importer(815301076,1909f56bfc062723c751e8b465ee728b)
Start importing Assets/Modifiers/Default Button/Modifier UI.prefab using Guid(9bfba211c3512d5448aaf43aa571681e) Importer(815301076,1909f56bfc062723c751e8b465ee728b)  -> (artifact id: '7c291fdcfa79fc5a93a702b1346cbf5c') in 0.011866 seconds 
  Import took 0.017073 seconds .

========================================================================
Received Prepare
Registering precompiled user dll's ...
Registered in 0.006023 seconds.
Begin MonoManager ReloadAssembly
Native extension for WindowsStandalone target not found
Refreshing native plugins compatible for Editor in 1.21 ms, found 3 plugins.
Preloading 0 native plugins for Editor in 0.00 ms.
Mono: successfully reloaded assembly
- Completed reload, in  2.902 seconds
Platform modules already initialized, skipping
Refreshing native plugins compatible for Editor in 0.52 ms, found 3 plugins.
Preloading 0 native plugins for Editor in 0.00 ms.
Unloading 2168 Unused Serialized files (Serialized files now loaded: 0)
System memory in use before: 96.3 MB.
System memory in use after: 96.4 MB.

Unloading 18 unused Assets to reduce memory usage. Loaded Objects now: 2634.
Total: 3.428700 ms (FindLiveObjects: 0.216100 ms CreateObjectMapping: 0.136900 ms MarkObjects: 3.033200 ms  DeleteObjects: 0.040900 ms)

AssetImportParameters requested are different than current active one (requested -> active):
  custom:framework-win-MediaFoundation: 216162199b28c13a410421893ffa2e32 -> 
  custom:video-decoder-ogg-theora: a1e56fd34408186e4bbccfd4996cb3dc -> 
  custom:container-muxer-webm: aa71ff27fc2769a1b78a27578f13a17b -> 
  custom:container-demuxer-webm: 4f35f7cbe854078d1ac9338744f61a02 -> 
  custom:container-demuxer-ogg: 62fdf1f143b41e24485cea50d1cbac27 -> 
  custom:video-encoder-webm-vp8: eb34c28f22e8b96e1ab97ce403110664 -> 
  custom:video-decoder-webm-vp8: 9c59270c3fd7afecdb556c50c9e8de78 -> 
  custom:audio-decoder-ogg-vorbis: bf7c407c2cedff20999df2af8eb42d56 -> 
  custom:audio-encoder-webm-vorbis: bf7c407c2cedff20999df2af8eb42d56 -> 
========================================================================
Received Prepare
Registering precompiled user dll's ...
Registered in 0.017507 seconds.
Begin MonoManager ReloadAssembly
Native extension for WindowsStandalone target not found
Refreshing native plugins compatible for Editor in 1.01 ms, found 3 plugins.
Preloading 0 native plugins for Editor in 0.00 ms.
Mono: successfully reloaded assembly
- Completed reload, in  2.831 seconds
Platform modules already initialized, skipping
Refreshing native plugins compatible for Editor in 1.53 ms, found 3 plugins.
Preloading 0 native plugins for Editor in 0.00 ms.
Unloading 2168 Unused Serialized files (Serialized files now loaded: 0)
System memory in use before: 96.4 MB.
System memory in use after: 96.5 MB.

Unloading 17 unused Assets to reduce memory usage. Loaded Objects now: 2637.
Total: 5.961500 ms (FindLiveObjects: 0.326800 ms CreateObjectMapping: 0.129400 ms MarkObjects: 5.468900 ms  DeleteObjects: 0.034400 ms)

AssetImportParameters requested are different than current active one (requested -> active):
  custom:framework-win-MediaFoundation: 216162199b28c13a410421893ffa2e32 -> 
  custom:video-decoder-ogg-theora: a1e56fd34408186e4bbccfd4996cb3dc -> 
  custom:container-muxer-webm: aa71ff27fc2769a1b78a27578f13a17b -> 
  custom:container-demuxer-webm: 4f35f7cbe854078d1ac9338744f61a02 -> 
  custom:container-demuxer-ogg: 62fdf1f143b41e24485cea50d1cbac27 -> 
  custom:video-encoder-webm-vp8: eb34c28f22e8b96e1ab97ce403110664 -> 
  custom:video-decoder-webm-vp8: 9c59270c3fd7afecdb556c50c9e8de78 -> 
  custom:audio-decoder-ogg-vorbis: bf7c407c2cedff20999df2af8eb42d56 -> 
  custom:audio-encoder-webm-vorbis: bf7c407c2cedff20999df2af8eb42d56 -> 
========================================================================
Received Prepare
Registering precompiled user dll's ...
Registered in 0.005066 seconds.
Begin MonoManager ReloadAssembly
Native extension for WindowsStandalone target not found
Refreshing native plugins compatible for Editor in 0.60 ms, found 3 plugins.
Preloading 0 native plugins for Editor in 0.00 ms.
Mono: successfully reloaded assembly
- Completed reload, in  1.422 seconds
Platform modules already initialized, skipping
Refreshing native plugins compatible for Editor in 0.78 ms, found 3 plugins.
Preloading 0 native plugins for Editor in 0.00 ms.
Unloading 2168 Unused Serialized files (Serialized files now loaded: 0)
System memory in use before: 96.4 MB.
System memory in use after: 96.5 MB.

Unloading 17 unused Assets to reduce memory usage. Loaded Objects now: 2640.
Total: 5.593800 ms (FindLiveObjects: 0.523400 ms CreateObjectMapping: 0.218200 ms MarkObjects: 4.786000 ms  DeleteObjects: 0.063900 ms)

AssetImportParameters requested are different than current active one (requested -> active):
  custom:framework-win-MediaFoundation: 216162199b28c13a410421893ffa2e32 -> 
  custom:video-decoder-ogg-theora: a1e56fd34408186e4bbccfd4996cb3dc -> 
  custom:container-muxer-webm: aa71ff27fc2769a1b78a27578f13a17b -> 
  custom:container-demuxer-webm: 4f35f7cbe854078d1ac9338744f61a02 -> 
  custom:container-demuxer-ogg: 62fdf1f143b41e24485cea50d1cbac27 -> 
  custom:video-encoder-webm-vp8: eb34c28f22e8b96e1ab97ce403110664 -> 
  custom:video-decoder-webm-vp8: 9c59270c3fd7afecdb556c50c9e8de78 -> 
  custom:audio-decoder-ogg-vorbis: bf7c407c2cedff20999df2af8eb42d56 -> 
  custom:audio-encoder-webm-vorbis: bf7c407c2cedff20999df2af8eb42d56 -> 
========================================================================
Received Import Request.
  Time since last request: 397.005560 seconds.
  path: Assets/Resources/Level Parts/Start Rooms/Other Levels/R Elevator Start Room Variant.prefab
  artifactKey: Guid(3b99513d3ac4db4438119f95033b3426) Importer(815301076,1909f56bfc062723c751e8b465ee728b)
Start importing Assets/Resources/Level Parts/Start Rooms/Other Levels/R Elevator Start Room Variant.prefab using Guid(3b99513d3ac4db4438119f95033b3426) Importer(815301076,1909f56bfc062723c751e8b465ee728b)  -> (artifact id: '3e5ceeaa789ec94c2b8ee2577a262f64') in 0.066989 seconds 
  Import took 0.078585 seconds .

========================================================================
Received Prepare
Registering precompiled user dll's ...
Registered in 0.005743 seconds.
Begin MonoManager ReloadAssembly
Native extension for WindowsStandalone target not found
Refreshing native plugins compatible for Editor in 0.74 ms, found 3 plugins.
Preloading 0 native plugins for Editor in 0.00 ms.
Mono: successfully reloaded assembly
- Completed reload, in  1.613 seconds
Platform modules already initialized, skipping
Refreshing native plugins compatible for Editor in 0.50 ms, found 3 plugins.
Preloading 0 native plugins for Editor in 0.00 ms.
Unloading 2168 Unused Serialized files (Serialized files now loaded: 0)
System memory in use before: 96.4 MB.
System memory in use after: 96.5 MB.

Unloading 17 unused Assets to reduce memory usage. Loaded Objects now: 2643.
Total: 2.576000 ms (FindLiveObjects: 0.227700 ms CreateObjectMapping: 0.181500 ms MarkObjects: 2.128600 ms  DeleteObjects: 0.037000 ms)

AssetImportParameters requested are different than current active one (requested -> active):
  custom:framework-win-MediaFoundation: 216162199b28c13a410421893ffa2e32 -> 
  custom:video-decoder-ogg-theora: a1e56fd34408186e4bbccfd4996cb3dc -> 
  custom:container-muxer-webm: aa71ff27fc2769a1b78a27578f13a17b -> 
  custom:container-demuxer-webm: 4f35f7cbe854078d1ac9338744f61a02 -> 
  custom:container-demuxer-ogg: 62fdf1f143b41e24485cea50d1cbac27 -> 
  custom:video-encoder-webm-vp8: eb34c28f22e8b96e1ab97ce403110664 -> 
  custom:video-decoder-webm-vp8: 9c59270c3fd7afecdb556c50c9e8de78 -> 
  custom:audio-decoder-ogg-vorbis: bf7c407c2cedff20999df2af8eb42d56 -> 
  custom:audio-encoder-webm-vorbis: bf7c407c2cedff20999df2af8eb42d56 -> 
========================================================================
Received Import Request.
  Time since last request: 11.617258 seconds.
  path: Assets/Resources/Level Parts/Start Rooms/Other Levels/R Elevator Start Room Variant.prefab
  artifactKey: Guid(3b99513d3ac4db4438119f95033b3426) Importer(815301076,1909f56bfc062723c751e8b465ee728b)
Start importing Assets/Resources/Level Parts/Start Rooms/Other Levels/R Elevator Start Room Variant.prefab using Guid(3b99513d3ac4db4438119f95033b3426) Importer(815301076,1909f56bfc062723c751e8b465ee728b)  -> (artifact id: '2eb568c0bb42e34afcce8a02e3d01571') in 0.053817 seconds 
  Import took 0.063341 seconds .

========================================================================
Received Prepare
Registering precompiled user dll's ...
Registered in 0.005618 seconds.
Begin MonoManager ReloadAssembly
Native extension for WindowsStandalone target not found
Refreshing native plugins compatible for Editor in 0.57 ms, found 3 plugins.
Preloading 0 native plugins for Editor in 0.00 ms.
Mono: successfully reloaded assembly
- Completed reload, in  1.360 seconds
Platform modules already initialized, skipping
Refreshing native plugins compatible for Editor in 0.57 ms, found 3 plugins.
Preloading 0 native plugins for Editor in 0.00 ms.
Unloading 2168 Unused Serialized files (Serialized files now loaded: 0)
System memory in use before: 96.3 MB.
System memory in use after: 96.4 MB.

Unloading 17 unused Assets to reduce memory usage. Loaded Objects now: 2646.
Total: 2.884400 ms (FindLiveObjects: 0.228500 ms CreateObjectMapping: 0.085900 ms MarkObjects: 2.550000 ms  DeleteObjects: 0.018800 ms)

AssetImportParameters requested are different than current active one (requested -> active):
  custom:framework-win-MediaFoundation: 216162199b28c13a410421893ffa2e32 -> 
  custom:video-decoder-ogg-theora: a1e56fd34408186e4bbccfd4996cb3dc -> 
  custom:container-muxer-webm: aa71ff27fc2769a1b78a27578f13a17b -> 
  custom:container-demuxer-webm: 4f35f7cbe854078d1ac9338744f61a02 -> 
  custom:container-demuxer-ogg: 62fdf1f143b41e24485cea50d1cbac27 -> 
  custom:video-encoder-webm-vp8: eb34c28f22e8b96e1ab97ce403110664 -> 
  custom:video-decoder-webm-vp8: 9c59270c3fd7afecdb556c50c9e8de78 -> 
  custom:audio-decoder-ogg-vorbis: bf7c407c2cedff20999df2af8eb42d56 -> 
  custom:audio-encoder-webm-vorbis: bf7c407c2cedff20999df2af8eb42d56 -> 
========================================================================
Received Import Request.
  Time since last request: 107.630211 seconds.
  path: Assets/Resources/Level Parts/End Rooms/End Room Variant.prefab
  artifactKey: Guid(b6c9c4dca2a6ab04d81502cf6891700a) Importer(815301076,1909f56bfc062723c751e8b465ee728b)
Start importing Assets/Resources/Level Parts/End Rooms/End Room Variant.prefab using Guid(b6c9c4dca2a6ab04d81502cf6891700a) Importer(815301076,1909f56bfc062723c751e8b465ee728b)  -> (artifact id: 'a9cb12393b715d284ff65c8f872501c0') in 0.068452 seconds 
  Import took 0.080975 seconds .

========================================================================
Received Import Request.
  Time since last request: 0.582715 seconds.
  path: Assets/Resources/Level Parts/End Rooms/End Room Variant.prefab
  artifactKey: Guid(b6c9c4dca2a6ab04d81502cf6891700a) Importer(815301076,1909f56bfc062723c751e8b465ee728b)
Start importing Assets/Resources/Level Parts/End Rooms/End Room Variant.prefab using Guid(b6c9c4dca2a6ab04d81502cf6891700a) Importer(815301076,1909f56bfc062723c751e8b465ee728b)  -> (artifact id: 'ebfe2050cb8fdd4e5eba72275a15ed1d') in 0.055484 seconds 
  Import took 0.073197 seconds .

========================================================================
Received Prepare
Registering precompiled user dll's ...
Registered in 0.008288 seconds.
Begin MonoManager ReloadAssembly
Native extension for WindowsStandalone target not found
Refreshing native plugins compatible for Editor in 0.58 ms, found 3 plugins.
Preloading 0 native plugins for Editor in 0.00 ms.
Mono: successfully reloaded assembly
- Completed reload, in  1.229 seconds
Platform modules already initialized, skipping
Refreshing native plugins compatible for Editor in 0.51 ms, found 3 plugins.
Preloading 0 native plugins for Editor in 0.00 ms.
Unloading 2168 Unused Serialized files (Serialized files now loaded: 0)
System memory in use before: 96.3 MB.
System memory in use after: 96.4 MB.

Unloading 17 unused Assets to reduce memory usage. Loaded Objects now: 2649.
Total: 2.591500 ms (FindLiveObjects: 0.205800 ms CreateObjectMapping: 0.084900 ms MarkObjects: 2.281000 ms  DeleteObjects: 0.018600 ms)

AssetImportParameters requested are different than current active one (requested -> active):
  custom:framework-win-MediaFoundation: 216162199b28c13a410421893ffa2e32 -> 
  custom:video-decoder-ogg-theora: a1e56fd34408186e4bbccfd4996cb3dc -> 
  custom:container-muxer-webm: aa71ff27fc2769a1b78a27578f13a17b -> 
  custom:container-demuxer-webm: 4f35f7cbe854078d1ac9338744f61a02 -> 
  custom:container-demuxer-ogg: 62fdf1f143b41e24485cea50d1cbac27 -> 
  custom:video-encoder-webm-vp8: eb34c28f22e8b96e1ab97ce403110664 -> 
  custom:video-decoder-webm-vp8: 9c59270c3fd7afecdb556c50c9e8de78 -> 
  custom:audio-decoder-ogg-vorbis: bf7c407c2cedff20999df2af8eb42d56 -> 
  custom:audio-encoder-webm-vorbis: bf7c407c2cedff20999df2af8eb42d56 -> 
========================================================================
Received Import Request.
  Time since last request: 231.896038 seconds.
  path: Assets/Resources/Level Parts/End Rooms/End Room Variant.prefab
  artifactKey: Guid(b6c9c4dca2a6ab04d81502cf6891700a) Importer(815301076,1909f56bfc062723c751e8b465ee728b)
Start importing Assets/Resources/Level Parts/End Rooms/End Room Variant.prefab using Guid(b6c9c4dca2a6ab04d81502cf6891700a) Importer(815301076,1909f56bfc062723c751e8b465ee728b)  -> (artifact id: 'd418f94d46305a396ceb68c783895e12') in 0.115685 seconds 
  Import took 0.131476 seconds .

========================================================================
Received Import Request.
  Time since last request: 10.629862 seconds.
  path: Assets/Resources/Level Parts/End Rooms/End Room Variant.prefab
  artifactKey: Guid(b6c9c4dca2a6ab04d81502cf6891700a) Importer(815301076,1909f56bfc062723c751e8b465ee728b)
Start importing Assets/Resources/Level Parts/End Rooms/End Room Variant.prefab using Guid(b6c9c4dca2a6ab04d81502cf6891700a) Importer(815301076,1909f56bfc062723c751e8b465ee728b)  -> (artifact id: '050723bc69d41196c214033113e7b07b') in 0.049941 seconds 
  Import took 0.062529 seconds .

========================================================================
Received Import Request.
  Time since last request: 9.883823 seconds.
  path: Assets/Resources/Level Parts/End Rooms/End Room Variant.prefab
  artifactKey: Guid(b6c9c4dca2a6ab04d81502cf6891700a) Importer(815301076,1909f56bfc062723c751e8b465ee728b)
Start importing Assets/Resources/Level Parts/End Rooms/End Room Variant.prefab using Guid(b6c9c4dca2a6ab04d81502cf6891700a) Importer(815301076,1909f56bfc062723c751e8b465ee728b)  -> (artifact id: 'eeaf3db089acfa571e1fbf3fce8f1301') in 0.056009 seconds 
  Import took 0.069020 seconds .

========================================================================
Received Import Request.
  Time since last request: 14.569863 seconds.
  path: Assets/Resources/Level Parts/End Rooms/End Room Variant.prefab
  artifactKey: Guid(b6c9c4dca2a6ab04d81502cf6891700a) Importer(815301076,1909f56bfc062723c751e8b465ee728b)
Start importing Assets/Resources/Level Parts/End Rooms/End Room Variant.prefab using Guid(b6c9c4dca2a6ab04d81502cf6891700a) Importer(815301076,1909f56bfc062723c751e8b465ee728b)  -> (artifact id: 'fdbd29f404d00ca50fd986a01325831a') in 0.047763 seconds 
  Import took 0.060785 seconds .

========================================================================
Received Import Request.
  Time since last request: 16.292792 seconds.
  path: Assets/Resources/Level Parts/End Rooms/End Room Variant.prefab
  artifactKey: Guid(b6c9c4dca2a6ab04d81502cf6891700a) Importer(815301076,1909f56bfc062723c751e8b465ee728b)
Start importing Assets/Resources/Level Parts/End Rooms/End Room Variant.prefab using Guid(b6c9c4dca2a6ab04d81502cf6891700a) Importer(815301076,1909f56bfc062723c751e8b465ee728b)  -> (artifact id: 'c8f74a6c55e3f6bb0ba87d42766aa96d') in 0.050144 seconds 
  Import took 0.065647 seconds .

========================================================================
Received Import Request.
  Time since last request: 4.106353 seconds.
  path: Assets/Resources/Level Parts/End Rooms/End Room Variant.prefab
  artifactKey: Guid(b6c9c4dca2a6ab04d81502cf6891700a) Importer(815301076,1909f56bfc062723c751e8b465ee728b)
Start importing Assets/Resources/Level Parts/End Rooms/End Room Variant.prefab using Guid(b6c9c4dca2a6ab04d81502cf6891700a) Importer(815301076,1909f56bfc062723c751e8b465ee728b)  -> (artifact id: '7b9375a211c40f06d993619329a0fec2') in 0.048360 seconds 
  Import took 0.060594 seconds .

========================================================================
Received Import Request.
  Time since last request: 5.720438 seconds.
  path: Assets/Resources/Level Parts/End Rooms/End Room Variant.prefab
  artifactKey: Guid(b6c9c4dca2a6ab04d81502cf6891700a) Importer(815301076,1909f56bfc062723c751e8b465ee728b)
Start importing Assets/Resources/Level Parts/End Rooms/End Room Variant.prefab using Guid(b6c9c4dca2a6ab04d81502cf6891700a) Importer(815301076,1909f56bfc062723c751e8b465ee728b)  -> (artifact id: 'd64323a2cb0577afc42a2b1f75184aa9') in 0.052122 seconds 
  Import took 0.063841 seconds .

========================================================================
Received Import Request.
  Time since last request: 4.254790 seconds.
  path: Assets/Resources/Level Parts/End Rooms/End Room Variant.prefab
  artifactKey: Guid(b6c9c4dca2a6ab04d81502cf6891700a) Importer(815301076,1909f56bfc062723c751e8b465ee728b)
Start importing Assets/Resources/Level Parts/End Rooms/End Room Variant.prefab using Guid(b6c9c4dca2a6ab04d81502cf6891700a) Importer(815301076,1909f56bfc062723c751e8b465ee728b)  -> (artifact id: 'e6b60d7173d453c4ddd224edafc07ca5') in 0.055762 seconds 
  Import took 0.068359 seconds .

========================================================================
Received Import Request.
  Time since last request: 5.239684 seconds.
  path: Assets/Resources/Level Parts/End Rooms/End Room Variant.prefab
  artifactKey: Guid(b6c9c4dca2a6ab04d81502cf6891700a) Importer(815301076,1909f56bfc062723c751e8b465ee728b)
Start importing Assets/Resources/Level Parts/End Rooms/End Room Variant.prefab using Guid(b6c9c4dca2a6ab04d81502cf6891700a) Importer(815301076,1909f56bfc062723c751e8b465ee728b)  -> (artifact id: 'b04e931939f78c6af8cf97a4964df7f6') in 0.045097 seconds 
  Import took 0.057951 seconds .

========================================================================
Received Import Request.
  Time since last request: 4.661680 seconds.
  path: Assets/Resources/Level Parts/End Rooms/End Room Variant.prefab
  artifactKey: Guid(b6c9c4dca2a6ab04d81502cf6891700a) Importer(815301076,1909f56bfc062723c751e8b465ee728b)
Start importing Assets/Resources/Level Parts/End Rooms/End Room Variant.prefab using Guid(b6c9c4dca2a6ab04d81502cf6891700a) Importer(815301076,1909f56bfc062723c751e8b465ee728b)  -> (artifact id: 'a6d0d068f5a9e18a9c7963d9646ceb74') in 0.049911 seconds 
  Import took 0.062146 seconds .

========================================================================
Received Prepare
Registering precompiled user dll's ...
Registered in 0.005730 seconds.
Begin MonoManager ReloadAssembly
Native extension for WindowsStandalone target not found
Refreshing native plugins compatible for Editor in 0.58 ms, found 3 plugins.
Preloading 0 native plugins for Editor in 0.00 ms.
Mono: successfully reloaded assembly
- Completed reload, in  1.416 seconds
Platform modules already initialized, skipping
Refreshing native plugins compatible for Editor in 0.59 ms, found 3 plugins.
Preloading 0 native plugins for Editor in 0.00 ms.
Unloading 2169 Unused Serialized files (Serialized files now loaded: 0)
System memory in use before: 96.4 MB.
System memory in use after: 96.5 MB.

Unloading 17 unused Assets to reduce memory usage. Loaded Objects now: 2653.
Total: 2.651400 ms (FindLiveObjects: 0.198800 ms CreateObjectMapping: 0.089100 ms MarkObjects: 2.344400 ms  DeleteObjects: 0.017900 ms)

AssetImportParameters requested are different than current active one (requested -> active):
  custom:framework-win-MediaFoundation: 216162199b28c13a410421893ffa2e32 -> 
  custom:video-decoder-ogg-theora: a1e56fd34408186e4bbccfd4996cb3dc -> 
  custom:container-muxer-webm: aa71ff27fc2769a1b78a27578f13a17b -> 
  custom:container-demuxer-webm: 4f35f7cbe854078d1ac9338744f61a02 -> 
  custom:container-demuxer-ogg: 62fdf1f143b41e24485cea50d1cbac27 -> 
  custom:video-encoder-webm-vp8: eb34c28f22e8b96e1ab97ce403110664 -> 
  custom:video-decoder-webm-vp8: 9c59270c3fd7afecdb556c50c9e8de78 -> 
  custom:audio-decoder-ogg-vorbis: bf7c407c2cedff20999df2af8eb42d56 -> 
  custom:audio-encoder-webm-vorbis: bf7c407c2cedff20999df2af8eb42d56 -> 
========================================================================
Received Import Request.
  Time since last request: 26.520487 seconds.
  path: Assets/Resources/Level Parts/End Rooms/End Room Variant.prefab
  artifactKey: Guid(b6c9c4dca2a6ab04d81502cf6891700a) Importer(815301076,1909f56bfc062723c751e8b465ee728b)
Start importing Assets/Resources/Level Parts/End Rooms/End Room Variant.prefab using Guid(b6c9c4dca2a6ab04d81502cf6891700a) Importer(815301076,1909f56bfc062723c751e8b465ee728b)  -> (artifact id: '4e60632dcde68d3d0e6ba4e7f796aee4') in 0.066322 seconds 
  Import took 0.076845 seconds .

========================================================================
Received Prepare
Registering precompiled user dll's ...
Registered in 0.006374 seconds.
Begin MonoManager ReloadAssembly
Native extension for WindowsStandalone target not found
Refreshing native plugins compatible for Editor in 0.52 ms, found 3 plugins.
Preloading 0 native plugins for Editor in 0.00 ms.
Mono: successfully reloaded assembly
- Completed reload, in  1.199 seconds
Platform modules already initialized, skipping
Refreshing native plugins compatible for Editor in 0.63 ms, found 3 plugins.
Preloading 0 native plugins for Editor in 0.00 ms.
Unloading 2169 Unused Serialized files (Serialized files now loaded: 0)
System memory in use before: 96.5 MB.
System memory in use after: 96.6 MB.

Unloading 17 unused Assets to reduce memory usage. Loaded Objects now: 2656.
Total: 3.170100 ms (FindLiveObjects: 0.225000 ms CreateObjectMapping: 0.096600 ms MarkObjects: 2.789300 ms  DeleteObjects: 0.058100 ms)

AssetImportParameters requested are different than current active one (requested -> active):
  custom:framework-win-MediaFoundation: 216162199b28c13a410421893ffa2e32 -> 
  custom:video-decoder-ogg-theora: a1e56fd34408186e4bbccfd4996cb3dc -> 
  custom:container-muxer-webm: aa71ff27fc2769a1b78a27578f13a17b -> 
  custom:container-demuxer-webm: 4f35f7cbe854078d1ac9338744f61a02 -> 
  custom:container-demuxer-ogg: 62fdf1f143b41e24485cea50d1cbac27 -> 
  custom:video-encoder-webm-vp8: eb34c28f22e8b96e1ab97ce403110664 -> 
  custom:video-decoder-webm-vp8: 9c59270c3fd7afecdb556c50c9e8de78 -> 
  custom:audio-decoder-ogg-vorbis: bf7c407c2cedff20999df2af8eb42d56 -> 
  custom:audio-encoder-webm-vorbis: bf7c407c2cedff20999df2af8eb42d56 -> 
========================================================================
Received Import Request.
  Time since last request: 222.176310 seconds.
  path: Assets/Resources/Level Parts/End Rooms/End Room Variant.prefab
  artifactKey: Guid(b6c9c4dca2a6ab04d81502cf6891700a) Importer(815301076,1909f56bfc062723c751e8b465ee728b)
Start importing Assets/Resources/Level Parts/End Rooms/End Room Variant.prefab using Guid(b6c9c4dca2a6ab04d81502cf6891700a) Importer(815301076,1909f56bfc062723c751e8b465ee728b)  -> (artifact id: 'e08431ec9490cf8f4238630a7e57eaa3') in 0.060310 seconds 
  Import took 0.071325 seconds .

========================================================================
Received Import Request.
  Time since last request: 3.205705 seconds.
  path: Assets/Resources/Level Parts/End Rooms/End Room Variant.prefab
  artifactKey: Guid(b6c9c4dca2a6ab04d81502cf6891700a) Importer(815301076,1909f56bfc062723c751e8b465ee728b)
Start importing Assets/Resources/Level Parts/End Rooms/End Room Variant.prefab using Guid(b6c9c4dca2a6ab04d81502cf6891700a) Importer(815301076,1909f56bfc062723c751e8b465ee728b)  -> (artifact id: '476f92d5d202b52c2af35cdef2020d3d') in 0.056518 seconds 
  Import took 0.070898 seconds .

========================================================================
Received Import Request.
  Time since last request: 5.128884 seconds.
  path: Assets/Resources/Level Parts/End Rooms/End Room Variant.prefab
  artifactKey: Guid(b6c9c4dca2a6ab04d81502cf6891700a) Importer(815301076,1909f56bfc062723c751e8b465ee728b)
Start importing Assets/Resources/Level Parts/End Rooms/End Room Variant.prefab using Guid(b6c9c4dca2a6ab04d81502cf6891700a) Importer(815301076,1909f56bfc062723c751e8b465ee728b)  -> (artifact id: 'ecf017ecfe4080d910d0b46b699b0c59') in 0.052460 seconds 
  Import took 0.065003 seconds .

========================================================================
Received Import Request.
  Time since last request: 98.476888 seconds.
  path: Assets/Modifiers/Default Button/Modifier Menu.prefab
  artifactKey: Guid(5181f4115833c8b42809ea59550c0208) Importer(815301076,1909f56bfc062723c751e8b465ee728b)
Start importing Assets/Modifiers/Default Button/Modifier Menu.prefab using Guid(5181f4115833c8b42809ea59550c0208) Importer(815301076,1909f56bfc062723c751e8b465ee728b)  -> (artifact id: '766dfc0966ba271e709dd8d631355c57') in 0.168239 seconds 
  Import took 0.175388 seconds .

========================================================================
Received Import Request.
  Time since last request: 19.079354 seconds.
  path: Assets/Resources/Level Parts/End Rooms/End Room Variant.prefab
  artifactKey: Guid(b6c9c4dca2a6ab04d81502cf6891700a) Importer(815301076,1909f56bfc062723c751e8b465ee728b)
Start importing Assets/Resources/Level Parts/End Rooms/End Room Variant.prefab using Guid(b6c9c4dca2a6ab04d81502cf6891700a) Importer(815301076,1909f56bfc062723c751e8b465ee728b)  -> (artifact id: '434bc16829abdd59b6dbe713f6e55bdf') in 0.119000 seconds 
  Import took 0.130694 seconds .

========================================================================
Received Import Request.
  Time since last request: 50.598361 seconds.
  path: Assets/Modifiers/Default Button/Modifier UI.prefab
  artifactKey: Guid(9bfba211c3512d5448aaf43aa571681e) Importer(815301076,1909f56bfc062723c751e8b465ee728b)
Start importing Assets/Modifiers/Default Button/Modifier UI.prefab using Guid(9bfba211c3512d5448aaf43aa571681e) Importer(815301076,1909f56bfc062723c751e8b465ee728b)  -> (artifact id: 'd826697a92742d3f2c05dbb63423bab3') in 0.012889 seconds 
  Import took 0.018247 seconds .

========================================================================
Received Import Request.
  Time since last request: 21.984170 seconds.
  path: Assets/TextMesh Pro/Examples & Extras/Resources/Color Gradient Presets/Blue to Purple - Vertical.asset
  artifactKey: Guid(479a66fa4b094512a62b0a8e553ad95a) Importer(815301076,1909f56bfc062723c751e8b465ee728b)
Start importing Assets/TextMesh Pro/Examples & Extras/Resources/Color Gradient Presets/Blue to Purple - Vertical.asset using Guid(479a66fa4b094512a62b0a8e553ad95a) Importer(815301076,1909f56bfc062723c751e8b465ee728b)  -> (artifact id: 'bc07a8244a4314f0321e18ac677f9360') in 0.018780 seconds 
  Import took 0.027332 seconds .

========================================================================
Received Import Request.
  Time since last request: 0.198785 seconds.
  path: Assets/Guns/Pistol/Bullet.prefab
  artifactKey: Guid(d01ea0d7f7b167c41bb7646269fc4b45) Importer(815301076,1909f56bfc062723c751e8b465ee728b)
Start importing Assets/Guns/Pistol/Bullet.prefab using Guid(d01ea0d7f7b167c41bb7646269fc4b45) Importer(815301076,1909f56bfc062723c751e8b465ee728b)  -> (artifact id: '995a837017b6c29094c86486779996a5') in 0.105798 seconds 
  Import took 0.111202 seconds .

========================================================================
Received Import Request.
  Time since last request: 0.093891 seconds.
  path: Assets/TextMesh Pro/Examples & Extras/Resources/Sprite Assets/DropCap Numbers.asset
  artifactKey: Guid(14aa93acbb234d16aaef0e8b46814db6) Importer(815301076,1909f56bfc062723c751e8b465ee728b)
Start importing Assets/TextMesh Pro/Examples & Extras/Resources/Sprite Assets/DropCap Numbers.asset using Guid(14aa93acbb234d16aaef0e8b46814db6) Importer(815301076,1909f56bfc062723c751e8b465ee728b)  -> (artifact id: '1b25dfe261c8529ae5b51f846fbdbf2b') in 0.016941 seconds 
  Import took 0.024149 seconds .

========================================================================
Received Import Request.
  Time since last request: 17.871366 seconds.
  path: Assets/Modifiers/Default Button/Modifiers.prefab
  artifactKey: Guid(b63fcbd5a875e8f41b0310805f5e91cc) Importer(815301076,1909f56bfc062723c751e8b465ee728b)
Start importing Assets/Modifiers/Default Button/Modifiers.prefab using Guid(b63fcbd5a875e8f41b0310805f5e91cc) Importer(815301076,1909f56bfc062723c751e8b465ee728b)  -> (artifact id: 'cd1bb07c2a1f08af12cdef5c21b45fea') in 0.024035 seconds 
  Import took 0.036465 seconds .

========================================================================
Received Import Request.
  Time since last request: 55.552766 seconds.
  path: Assets/Modifiers/UI related/Modifier UI.prefab
  artifactKey: Guid(9bfba211c3512d5448aaf43aa571681e) Importer(815301076,1909f56bfc062723c751e8b465ee728b)
Start importing Assets/Modifiers/UI related/Modifier UI.prefab using Guid(9bfba211c3512d5448aaf43aa571681e) Importer(815301076,1909f56bfc062723c751e8b465ee728b)  -> (artifact id: 'ace9b7e56f93e91901b87a777dc09a42') in 0.013158 seconds 
  Import took 0.019440 seconds .

========================================================================
Received Import Request.
  Time since last request: 14.551193 seconds.
  path: Assets/Modifiers/UI related/Modifier UI.prefab
  artifactKey: Guid(9bfba211c3512d5448aaf43aa571681e) Importer(815301076,1909f56bfc062723c751e8b465ee728b)
Start importing Assets/Modifiers/UI related/Modifier UI.prefab using Guid(9bfba211c3512d5448aaf43aa571681e) Importer(815301076,1909f56bfc062723c751e8b465ee728b)  -> (artifact id: 'a570afe1f011c2aa970355623b2bada8') in 0.016135 seconds 
  Import took 0.022374 seconds .

========================================================================
Received Import Request.
  Time since last request: 90.340625 seconds.
  path: Packages/com.unity.2d.spriteshape/Editor/ObjectMenuCreation/DefaultAssets/Sprite Shapes/Closed Sprite Shape.prefab
  artifactKey: Guid(c0583b4e855c74b8c82e7b9b5efb5ce9) Importer(815301076,1909f56bfc062723c751e8b465ee728b)
Start importing Packages/com.unity.2d.spriteshape/Editor/ObjectMenuCreation/DefaultAssets/Sprite Shapes/Closed Sprite Shape.prefab using Guid(c0583b4e855c74b8c82e7b9b5efb5ce9) Importer(815301076,1909f56bfc062723c751e8b465ee728b)  -> (artifact id: '2cce7a24742fd5e8a8ab2da20c69032f') in 0.060938 seconds 
  Import took 0.067490 seconds .

========================================================================
Received Import Request.
  Time since last request: 0.000318 seconds.
  path: Packages/com.unity.2d.spriteshape/Editor/ObjectMenuCreation/DefaultAssets/Sprite Shapes/Open Sprite Shape.prefab
  artifactKey: Guid(86ae7de409eb54f619fb1328e4d42480) Importer(815301076,1909f56bfc062723c751e8b465ee728b)
Start importing Packages/com.unity.2d.spriteshape/Editor/ObjectMenuCreation/DefaultAssets/Sprite Shapes/Open Sprite Shape.prefab using Guid(86ae7de409eb54f619fb1328e4d42480) Importer(815301076,1909f56bfc062723c751e8b465ee728b)  -> (artifact id: 'bdee885e51b9ccf0fcef3a7dbe274ecc') in 0.014332 seconds 
  Import took 0.020569 seconds .

========================================================================
Received Import Request.
  Time since last request: 0.000316 seconds.
  path: Assets/Prefabs/Map Generator.prefab
  artifactKey: Guid(0edc4962c78f73c4a9810199044634e9) Importer(815301076,1909f56bfc062723c751e8b465ee728b)
Start importing Assets/Prefabs/Map Generator.prefab using Guid(0edc4962c78f73c4a9810199044634e9) Importer(815301076,1909f56bfc062723c751e8b465ee728b)  -> (artifact id: '896c773723d20c5fc5d6c6e7ad8e6572') in 0.012340 seconds 
  Import took 0.020345 seconds .

========================================================================
Received Import Request.
  Time since last request: 0.000297 seconds.
  path: Assets/Resources/Level Parts/Start Rooms/First Level/R Start Room.prefab
  artifactKey: Guid(581cac95461773049b02c71b5262d962) Importer(815301076,1909f56bfc062723c751e8b465ee728b)
Start importing Assets/Resources/Level Parts/Start Rooms/First Level/R Start Room.prefab using Guid(581cac95461773049b02c71b5262d962) Importer(815301076,1909f56bfc062723c751e8b465ee728b)  -> (artifact id: '2531bd30d083d07f0f62c390643f296b') in 0.070493 seconds 
  Import took 0.077521 seconds .

========================================================================
Received Import Request.
  Time since last request: 0.000223 seconds.
  path: Assets/Guns/Pistol/Pistol.prefab
  artifactKey: Guid(011b18f589ba363438e3a6b93fce8b52) Importer(815301076,1909f56bfc062723c751e8b465ee728b)
Start importing Assets/Guns/Pistol/Pistol.prefab using Guid(011b18f589ba363438e3a6b93fce8b52) Importer(815301076,1909f56bfc062723c751e8b465ee728b)  -> (artifact id: 'a3d71e07559fbf2c07b00f54c8772977') in 0.029866 seconds 
  Import took 0.035783 seconds .

========================================================================
Received Import Request.
  Time since last request: 0.000246 seconds.
  path: Assets/Guns/Micro SMG/Micro SMG.prefab
  artifactKey: Guid(33054051e30732c4fae2f97785c6da6b) Importer(815301076,1909f56bfc062723c751e8b465ee728b)
Start importing Assets/Guns/Micro SMG/Micro SMG.prefab using Guid(33054051e30732c4fae2f97785c6da6b) Importer(815301076,1909f56bfc062723c751e8b465ee728b)  -> (artifact id: '53772a36475c3bd8bee48942e6958ca0') in 0.030914 seconds 
  Import took 0.036148 seconds .

========================================================================
Received Import Request.
  Time since last request: 11.294230 seconds.
  path: Assets/Prefabs/Map Generator 1.prefab
  artifactKey: Guid(d90888b4160c1b84b94e2f0f8e23271f) Importer(815301076,1909f56bfc062723c751e8b465ee728b)
Start importing Assets/Prefabs/Map Generator 1.prefab using Guid(d90888b4160c1b84b94e2f0f8e23271f) Importer(815301076,1909f56bfc062723c751e8b465ee728b)  -> (artifact id: '011ea89d4dce915494864d30407751e9') in 0.134100 seconds 
  Import took 0.148036 seconds .

========================================================================
Received Import Request.
  Time since last request: 63.954938 seconds.
  path: Assets/Prefabs/Map Generator.prefab
  artifactKey: Guid(d90888b4160c1b84b94e2f0f8e23271f) Importer(815301076,1909f56bfc062723c751e8b465ee728b)
Start importing Assets/Prefabs/Map Generator.prefab using Guid(d90888b4160c1b84b94e2f0f8e23271f) Importer(815301076,1909f56bfc062723c751e8b465ee728b)  -> (artifact id: '80f3ef27f8801da2812ed84fa5fd353c') in 0.114157 seconds 
  Import took 0.128059 seconds .

========================================================================
Received Import Request.
  Time since last request: 84.611302 seconds.
  path: Assets/Modifiers/UI related/Modifier UI.prefab
  artifactKey: Guid(9bfba211c3512d5448aaf43aa571681e) Importer(815301076,1909f56bfc062723c751e8b465ee728b)
Start importing Assets/Modifiers/UI related/Modifier UI.prefab using Guid(9bfba211c3512d5448aaf43aa571681e) Importer(815301076,1909f56bfc062723c751e8b465ee728b)  -> (artifact id: 'd28ab5057aad2dc15dc4ac0ada937c41') in 0.099347 seconds 
  Import took 0.112913 seconds .

========================================================================
Received Import Request.
  Time since last request: 9.655448 seconds.
  path: Assets/Modifiers/UI related/Modifier UI.prefab
  artifactKey: Guid(9bfba211c3512d5448aaf43aa571681e) Importer(815301076,1909f56bfc062723c751e8b465ee728b)
Start importing Assets/Modifiers/UI related/Modifier UI.prefab using Guid(9bfba211c3512d5448aaf43aa571681e) Importer(815301076,1909f56bfc062723c751e8b465ee728b)  -> (artifact id: 'c05eb0f7fca8e60d1226ac985d1ef19a') in 0.112599 seconds 
  Import took 0.130463 seconds .

========================================================================
Received Import Request.
  Time since last request: 5.371063 seconds.
  path: Assets/Modifiers/UI related/Modifier UI.prefab
  artifactKey: Guid(9bfba211c3512d5448aaf43aa571681e) Importer(815301076,1909f56bfc062723c751e8b465ee728b)
Start importing Assets/Modifiers/UI related/Modifier UI.prefab using Guid(9bfba211c3512d5448aaf43aa571681e) Importer(815301076,1909f56bfc062723c751e8b465ee728b)  -> (artifact id: '5f337572a22c6d96b4440a22baf5833d') in 0.120820 seconds 
  Import took 0.135401 seconds .

========================================================================
Received Import Request.
  Time since last request: 3.852978 seconds.
  path: Assets/Modifiers/UI related/Modifier UI.prefab
  artifactKey: Guid(9bfba211c3512d5448aaf43aa571681e) Importer(815301076,1909f56bfc062723c751e8b465ee728b)
Start importing Assets/Modifiers/UI related/Modifier UI.prefab using Guid(9bfba211c3512d5448aaf43aa571681e) Importer(815301076,1909f56bfc062723c751e8b465ee728b)  -> (artifact id: '533742052f90318428f1babd9f84df2e') in 0.122010 seconds 
  Import took 0.135040 seconds .

========================================================================
Received Prepare
Registering precompiled user dll's ...
Registered in 0.006356 seconds.
Begin MonoManager ReloadAssembly
Native extension for WindowsStandalone target not found
Refreshing native plugins compatible for Editor in 0.68 ms, found 3 plugins.
Preloading 0 native plugins for Editor in 0.00 ms.
Mono: successfully reloaded assembly
- Completed reload, in  2.099 seconds
Platform modules already initialized, skipping
Refreshing native plugins compatible for Editor in 0.52 ms, found 3 plugins.
Preloading 0 native plugins for Editor in 0.00 ms.
Unloading 2169 Unused Serialized files (Serialized files now loaded: 0)
System memory in use before: 99.7 MB.
System memory in use after: 99.8 MB.

Unloading 18 unused Assets to reduce memory usage. Loaded Objects now: 2668.
Total: 2.323500 ms (FindLiveObjects: 0.195000 ms CreateObjectMapping: 0.080400 ms MarkObjects: 1.994500 ms  DeleteObjects: 0.052500 ms)

AssetImportParameters requested are different than current active one (requested -> active):
  custom:framework-win-MediaFoundation: 216162199b28c13a410421893ffa2e32 -> 
  custom:video-decoder-ogg-theora: a1e56fd34408186e4bbccfd4996cb3dc -> 
  custom:container-muxer-webm: aa71ff27fc2769a1b78a27578f13a17b -> 
  custom:container-demuxer-webm: 4f35f7cbe854078d1ac9338744f61a02 -> 
  custom:container-demuxer-ogg: 62fdf1f143b41e24485cea50d1cbac27 -> 
  custom:video-encoder-webm-vp8: eb34c28f22e8b96e1ab97ce403110664 -> 
  custom:video-decoder-webm-vp8: 9c59270c3fd7afecdb556c50c9e8de78 -> 
  custom:audio-decoder-ogg-vorbis: bf7c407c2cedff20999df2af8eb42d56 -> 
  custom:audio-encoder-webm-vorbis: bf7c407c2cedff20999df2af8eb42d56 -> 
========================================================================
Received Prepare
Registering precompiled user dll's ...
Registered in 0.006819 seconds.
Begin MonoManager ReloadAssembly
Native extension for WindowsStandalone target not found
Refreshing native plugins compatible for Editor in 0.53 ms, found 3 plugins.
Preloading 0 native plugins for Editor in 0.00 ms.
Mono: successfully reloaded assembly
- Completed reload, in  1.418 seconds
Platform modules already initialized, skipping
Refreshing native plugins compatible for Editor in 0.57 ms, found 3 plugins.
Preloading 0 native plugins for Editor in 0.00 ms.
Unloading 2169 Unused Serialized files (Serialized files now loaded: 0)
System memory in use before: 99.7 MB.
System memory in use after: 99.8 MB.

Unloading 17 unused Assets to reduce memory usage. Loaded Objects now: 2671.
Total: 3.327700 ms (FindLiveObjects: 0.206300 ms CreateObjectMapping: 0.090600 ms MarkObjects: 3.006500 ms  DeleteObjects: 0.022600 ms)

AssetImportParameters requested are different than current active one (requested -> active):
  custom:framework-win-MediaFoundation: 216162199b28c13a410421893ffa2e32 -> 
  custom:video-decoder-ogg-theora: a1e56fd34408186e4bbccfd4996cb3dc -> 
  custom:container-muxer-webm: aa71ff27fc2769a1b78a27578f13a17b -> 
  custom:container-demuxer-webm: 4f35f7cbe854078d1ac9338744f61a02 -> 
  custom:container-demuxer-ogg: 62fdf1f143b41e24485cea50d1cbac27 -> 
  custom:video-encoder-webm-vp8: eb34c28f22e8b96e1ab97ce403110664 -> 
  custom:video-decoder-webm-vp8: 9c59270c3fd7afecdb556c50c9e8de78 -> 
  custom:audio-decoder-ogg-vorbis: bf7c407c2cedff20999df2af8eb42d56 -> 
  custom:audio-encoder-webm-vorbis: bf7c407c2cedff20999df2af8eb42d56 -> 
========================================================================
Received Import Request.
  Time since last request: 586.942276 seconds.
  path: Assets/Modifiers/UI related/Modifier Menu.prefab
  artifactKey: Guid(5181f4115833c8b42809ea59550c0208) Importer(815301076,1909f56bfc062723c751e8b465ee728b)
Start importing Assets/Modifiers/UI related/Modifier Menu.prefab using Guid(5181f4115833c8b42809ea59550c0208) Importer(815301076,1909f56bfc062723c751e8b465ee728b)  -> (artifact id: '994a7dfba9ee69bfafd5d45757b442df') in 0.210792 seconds 
  Import took 0.226666 seconds .

========================================================================
Received Prepare
Registering precompiled user dll's ...
Registered in 0.005449 seconds.
Begin MonoManager ReloadAssembly
Native extension for WindowsStandalone target not found
Refreshing native plugins compatible for Editor in 0.59 ms, found 3 plugins.
Preloading 0 native plugins for Editor in 0.00 ms.
Mono: successfully reloaded assembly
- Completed reload, in  1.397 seconds
Platform modules already initialized, skipping
Refreshing native plugins compatible for Editor in 0.61 ms, found 3 plugins.
Preloading 0 native plugins for Editor in 0.00 ms.
Unloading 2169 Unused Serialized files (Serialized files now loaded: 0)
System memory in use before: 99.7 MB.
System memory in use after: 99.9 MB.

Unloading 18 unused Assets to reduce memory usage. Loaded Objects now: 2674.
Total: 3.991800 ms (FindLiveObjects: 0.333700 ms CreateObjectMapping: 0.145400 ms MarkObjects: 3.466800 ms  DeleteObjects: 0.044200 ms)

AssetImportParameters requested are different than current active one (requested -> active):
  custom:framework-win-MediaFoundation: 216162199b28c13a410421893ffa2e32 -> 
  custom:video-decoder-ogg-theora: a1e56fd34408186e4bbccfd4996cb3dc -> 
  custom:container-muxer-webm: aa71ff27fc2769a1b78a27578f13a17b -> 
  custom:container-demuxer-webm: 4f35f7cbe854078d1ac9338744f61a02 -> 
  custom:container-demuxer-ogg: 62fdf1f143b41e24485cea50d1cbac27 -> 
  custom:video-encoder-webm-vp8: eb34c28f22e8b96e1ab97ce403110664 -> 
  custom:video-decoder-webm-vp8: 9c59270c3fd7afecdb556c50c9e8de78 -> 
  custom:audio-decoder-ogg-vorbis: bf7c407c2cedff20999df2af8eb42d56 -> 
  custom:audio-encoder-webm-vorbis: bf7c407c2cedff20999df2af8eb42d56 -> 
========================================================================
Received Prepare
Registering precompiled user dll's ...
Registered in 0.005064 seconds.
Begin MonoManager ReloadAssembly
Native extension for WindowsStandalone target not found
Refreshing native plugins compatible for Editor in 0.53 ms, found 3 plugins.
Preloading 0 native plugins for Editor in 0.00 ms.
Mono: successfully reloaded assembly
- Completed reload, in  1.172 seconds
Platform modules already initialized, skipping
Refreshing native plugins compatible for Editor in 0.62 ms, found 3 plugins.
Preloading 0 native plugins for Editor in 0.00 ms.
Unloading 2169 Unused Serialized files (Serialized files now loaded: 0)
System memory in use before: 99.6 MB.
System memory in use after: 99.8 MB.

Unloading 17 unused Assets to reduce memory usage. Loaded Objects now: 2677.
Total: 2.316900 ms (FindLiveObjects: 0.220800 ms CreateObjectMapping: 0.093100 ms MarkObjects: 1.984100 ms  DeleteObjects: 0.017900 ms)

AssetImportParameters requested are different than current active one (requested -> active):
  custom:framework-win-MediaFoundation: 216162199b28c13a410421893ffa2e32 -> 
  custom:video-decoder-ogg-theora: a1e56fd34408186e4bbccfd4996cb3dc -> 
  custom:container-muxer-webm: aa71ff27fc2769a1b78a27578f13a17b -> 
  custom:container-demuxer-webm: 4f35f7cbe854078d1ac9338744f61a02 -> 
  custom:container-demuxer-ogg: 62fdf1f143b41e24485cea50d1cbac27 -> 
  custom:video-encoder-webm-vp8: eb34c28f22e8b96e1ab97ce403110664 -> 
  custom:video-decoder-webm-vp8: 9c59270c3fd7afecdb556c50c9e8de78 -> 
  custom:audio-decoder-ogg-vorbis: bf7c407c2cedff20999df2af8eb42d56 -> 
  custom:audio-encoder-webm-vorbis: bf7c407c2cedff20999df2af8eb42d56 -> 
========================================================================
Received Prepare
Registering precompiled user dll's ...
Registered in 0.004954 seconds.
Begin MonoManager ReloadAssembly
Native extension for WindowsStandalone target not found
Refreshing native plugins compatible for Editor in 0.53 ms, found 3 plugins.
Preloading 0 native plugins for Editor in 0.00 ms.
Mono: successfully reloaded assembly
- Completed reload, in  1.174 seconds
Platform modules already initialized, skipping
Refreshing native plugins compatible for Editor in 0.54 ms, found 3 plugins.
Preloading 0 native plugins for Editor in 0.00 ms.
Unloading 2169 Unused Serialized files (Serialized files now loaded: 0)
System memory in use before: 99.7 MB.
System memory in use after: 99.8 MB.

Unloading 17 unused Assets to reduce memory usage. Loaded Objects now: 2680.
Total: 2.874900 ms (FindLiveObjects: 0.284000 ms CreateObjectMapping: 0.089300 ms MarkObjects: 2.462500 ms  DeleteObjects: 0.037600 ms)

AssetImportParameters requested are different than current active one (requested -> active):
  custom:framework-win-MediaFoundation: 216162199b28c13a410421893ffa2e32 -> 
  custom:video-decoder-ogg-theora: a1e56fd34408186e4bbccfd4996cb3dc -> 
  custom:container-muxer-webm: aa71ff27fc2769a1b78a27578f13a17b -> 
  custom:container-demuxer-webm: 4f35f7cbe854078d1ac9338744f61a02 -> 
  custom:container-demuxer-ogg: 62fdf1f143b41e24485cea50d1cbac27 -> 
  custom:video-encoder-webm-vp8: eb34c28f22e8b96e1ab97ce403110664 -> 
  custom:video-decoder-webm-vp8: 9c59270c3fd7afecdb556c50c9e8de78 -> 
  custom:audio-decoder-ogg-vorbis: bf7c407c2cedff20999df2af8eb42d56 -> 
  custom:audio-encoder-webm-vorbis: bf7c407c2cedff20999df2af8eb42d56 -> 
========================================================================
Received Prepare
Registering precompiled user dll's ...
Registered in 0.005355 seconds.
Begin MonoManager ReloadAssembly
Native extension for WindowsStandalone target not found
Refreshing native plugins compatible for Editor in 0.56 ms, found 3 plugins.
Preloading 0 native plugins for Editor in 0.00 ms.
Mono: successfully reloaded assembly
- Completed reload, in  1.176 seconds
Platform modules already initialized, skipping
Refreshing native plugins compatible for Editor in 0.51 ms, found 3 plugins.
Preloading 0 native plugins for Editor in 0.00 ms.
Unloading 2169 Unused Serialized files (Serialized files now loaded: 0)
System memory in use before: 99.8 MB.
System memory in use after: 99.9 MB.

Unloading 17 unused Assets to reduce memory usage. Loaded Objects now: 2683.
Total: 2.590000 ms (FindLiveObjects: 0.221500 ms CreateObjectMapping: 0.093900 ms MarkObjects: 2.238300 ms  DeleteObjects: 0.035200 ms)

AssetImportParameters requested are different than current active one (requested -> active):
  custom:framework-win-MediaFoundation: 216162199b28c13a410421893ffa2e32 -> 
  custom:video-decoder-ogg-theora: a1e56fd34408186e4bbccfd4996cb3dc -> 
  custom:container-muxer-webm: aa71ff27fc2769a1b78a27578f13a17b -> 
  custom:container-demuxer-webm: 4f35f7cbe854078d1ac9338744f61a02 -> 
  custom:container-demuxer-ogg: 62fdf1f143b41e24485cea50d1cbac27 -> 
  custom:video-encoder-webm-vp8: eb34c28f22e8b96e1ab97ce403110664 -> 
  custom:video-decoder-webm-vp8: 9c59270c3fd7afecdb556c50c9e8de78 -> 
  custom:audio-decoder-ogg-vorbis: bf7c407c2cedff20999df2af8eb42d56 -> 
  custom:audio-encoder-webm-vorbis: bf7c407c2cedff20999df2af8eb42d56 -> 
========================================================================
Received Prepare
Registering precompiled user dll's ...
Registered in 0.013074 seconds.
Begin MonoManager ReloadAssembly
Native extension for WindowsStandalone target not found
Refreshing native plugins compatible for Editor in 0.55 ms, found 3 plugins.
Preloading 0 native plugins for Editor in 0.00 ms.
Mono: successfully reloaded assembly
- Completed reload, in  1.181 seconds
Platform modules already initialized, skipping
Refreshing native plugins compatible for Editor in 0.51 ms, found 3 plugins.
Preloading 0 native plugins for Editor in 0.00 ms.
Unloading 2169 Unused Serialized files (Serialized files now loaded: 0)
System memory in use before: 99.8 MB.
System memory in use after: 99.9 MB.

Unloading 17 unused Assets to reduce memory usage. Loaded Objects now: 2686.
Total: 2.803200 ms (FindLiveObjects: 0.499500 ms CreateObjectMapping: 0.109200 ms MarkObjects: 2.138100 ms  DeleteObjects: 0.055400 ms)

AssetImportParameters requested are different than current active one (requested -> active):
  custom:framework-win-MediaFoundation: 216162199b28c13a410421893ffa2e32 -> 
  custom:video-decoder-ogg-theora: a1e56fd34408186e4bbccfd4996cb3dc -> 
  custom:container-muxer-webm: aa71ff27fc2769a1b78a27578f13a17b -> 
  custom:container-demuxer-webm: 4f35f7cbe854078d1ac9338744f61a02 -> 
  custom:container-demuxer-ogg: 62fdf1f143b41e24485cea50d1cbac27 -> 
  custom:video-encoder-webm-vp8: eb34c28f22e8b96e1ab97ce403110664 -> 
  custom:video-decoder-webm-vp8: 9c59270c3fd7afecdb556c50c9e8de78 -> 
  custom:audio-decoder-ogg-vorbis: bf7c407c2cedff20999df2af8eb42d56 -> 
  custom:audio-encoder-webm-vorbis: bf7c407c2cedff20999df2af8eb42d56 -> 
========================================================================
Received Import Request.
  Time since last request: 517.209081 seconds.
  path: Assets/Modifiers/UI related/Modifier UI.prefab
  artifactKey: Guid(9bfba211c3512d5448aaf43aa571681e) Importer(815301076,1909f56bfc062723c751e8b465ee728b)
Start importing Assets/Modifiers/UI related/Modifier UI.prefab using Guid(9bfba211c3512d5448aaf43aa571681e) Importer(815301076,1909f56bfc062723c751e8b465ee728b)  -> (artifact id: '596fa84a05bd1b2726c1441f0406d007') in 0.070230 seconds 
  Import took 0.079066 seconds .

========================================================================
Received Prepare
Registering precompiled user dll's ...
Registered in 0.624535 seconds.
Begin MonoManager ReloadAssembly
Native extension for WindowsStandalone target not found
Refreshing native plugins compatible for Editor in 0.82 ms, found 3 plugins.
Preloading 0 native plugins for Editor in 0.00 ms.
Mono: successfully reloaded assembly
- Completed reload, in  3.020 seconds
Platform modules already initialized, skipping
Refreshing native plugins compatible for Editor in 0.97 ms, found 3 plugins.
Preloading 0 native plugins for Editor in 0.00 ms.
Unloading 2169 Unused Serialized files (Serialized files now loaded: 0)
System memory in use before: 99.8 MB.
System memory in use after: 99.9 MB.

Unloading 18 unused Assets to reduce memory usage. Loaded Objects now: 2689.
Total: 8.932400 ms (FindLiveObjects: 0.460700 ms CreateObjectMapping: 1.249400 ms MarkObjects: 7.138700 ms  DeleteObjects: 0.081700 ms)

AssetImportParameters requested are different than current active one (requested -> active):
  custom:framework-win-MediaFoundation: 216162199b28c13a410421893ffa2e32 -> 
  custom:video-decoder-ogg-theora: a1e56fd34408186e4bbccfd4996cb3dc -> 
  custom:container-muxer-webm: aa71ff27fc2769a1b78a27578f13a17b -> 
  custom:container-demuxer-webm: 4f35f7cbe854078d1ac9338744f61a02 -> 
  custom:container-demuxer-ogg: 62fdf1f143b41e24485cea50d1cbac27 -> 
  custom:video-encoder-webm-vp8: eb34c28f22e8b96e1ab97ce403110664 -> 
  custom:video-decoder-webm-vp8: 9c59270c3fd7afecdb556c50c9e8de78 -> 
  custom:audio-decoder-ogg-vorbis: bf7c407c2cedff20999df2af8eb42d56 -> 
  custom:audio-encoder-webm-vorbis: bf7c407c2cedff20999df2af8eb42d56 -> 
========================================================================
Received Prepare
Registering precompiled user dll's ...
Registered in 0.005950 seconds.
Begin MonoManager ReloadAssembly
Native extension for WindowsStandalone target not found
Refreshing native plugins compatible for Editor in 0.56 ms, found 3 plugins.
Preloading 0 native plugins for Editor in 0.00 ms.
Mono: successfully reloaded assembly
- Completed reload, in  5.362 seconds
Platform modules already initialized, skipping
Refreshing native plugins compatible for Editor in 0.70 ms, found 3 plugins.
Preloading 0 native plugins for Editor in 0.00 ms.
Unloading 2169 Unused Serialized files (Serialized files now loaded: 0)
System memory in use before: 99.8 MB.
System memory in use after: 99.9 MB.

Unloading 17 unused Assets to reduce memory usage. Loaded Objects now: 2692.
Total: 4.378100 ms (FindLiveObjects: 0.909700 ms CreateObjectMapping: 1.179500 ms MarkObjects: 2.258000 ms  DeleteObjects: 0.029500 ms)

AssetImportParameters requested are different than current active one (requested -> active):
  custom:framework-win-MediaFoundation: 216162199b28c13a410421893ffa2e32 -> 
  custom:video-decoder-ogg-theora: a1e56fd34408186e4bbccfd4996cb3dc -> 
  custom:container-muxer-webm: aa71ff27fc2769a1b78a27578f13a17b -> 
  custom:container-demuxer-webm: 4f35f7cbe854078d1ac9338744f61a02 -> 
  custom:container-demuxer-ogg: 62fdf1f143b41e24485cea50d1cbac27 -> 
  custom:video-encoder-webm-vp8: eb34c28f22e8b96e1ab97ce403110664 -> 
  custom:video-decoder-webm-vp8: 9c59270c3fd7afecdb556c50c9e8de78 -> 
  custom:audio-decoder-ogg-vorbis: bf7c407c2cedff20999df2af8eb42d56 -> 
  custom:audio-encoder-webm-vorbis: bf7c407c2cedff20999df2af8eb42d56 -> 
AssetImportWorkerClient::OnTransportError - code=2 error=End of file
